<?xml version="1.0" encoding="UTF-8"?>
<!-- Generated by org.testng.reporters.JUnitXMLReporter -->
<testsuite ignored="42" hostname="LTIN486222" failures="9" tests="9" name="Regression Test two" time="2.02" errors="0" timestamp="2024-03-07T15:40:11 IST">
  <testcase classname="testScenarios.DisplayBookshelves" name="confirmamountEnetered" time="0.003">
    <failure type="java.lang.NullPointerException" message="Cannot invoke &amp;quot;org.openqa.selenium.WebDriver.findElement(org.openqa.selenium.By)&amp;quot; because &amp;quot;driver&amp;quot; is null">
      <![CDATA[java.lang.NullPointerException: Cannot invoke "org.openqa.selenium.WebDriver.findElement(org.openqa.selenium.By)" because "driver" is null
at testObjectRepository.HomeSubmittedPageDetails.amountEnetered(HomeSubmittedPageDetails.java:15)
at testScenarios.DisplayBookshelves.confirmamountEnetered(DisplayBookshelves.java:656)
at java.base/java.util.ArrayList.forEach(ArrayList.java:1596)
... Removed 25 stack frames]]>
    </failure>
  </testcase> <!-- confirmamountEnetered -->
  <testcase classname="testScenarios.DisplayBookshelves" name="confirmrecipientName" time="0.01">
    <failure type="java.lang.NullPointerException" message="Cannot invoke &amp;quot;org.openqa.selenium.WebDriver.findElement(org.openqa.selenium.By)&amp;quot; because &amp;quot;driver&amp;quot; is null">
      <![CDATA[java.lang.NullPointerException: Cannot invoke "org.openqa.selenium.WebDriver.findElement(org.openqa.selenium.By)" because "driver" is null
at testObjectRepository.HomeSubmittedPageDetails.recipientName(HomeSubmittedPageDetails.java:22)
at testScenarios.DisplayBookshelves.confirmrecipientName(DisplayBookshelves.java:683)
at java.base/java.util.ArrayList.forEach(ArrayList.java:1596)
... Removed 25 stack frames]]>
    </failure>
  </testcase> <!-- confirmrecipientName -->
  <testcase classname="testScenarios.DisplayBookshelves" name="confirmrecipientEmail" time="0.002">
    <failure type="java.lang.NullPointerException" message="Cannot invoke &amp;quot;org.openqa.selenium.WebDriver.findElement(org.openqa.selenium.By)&amp;quot; because &amp;quot;driver&amp;quot; is null">
      <![CDATA[java.lang.NullPointerException: Cannot invoke "org.openqa.selenium.WebDriver.findElement(org.openqa.selenium.By)" because "driver" is null
at testObjectRepository.HomeSubmittedPageDetails.recipientEmail(HomeSubmittedPageDetails.java:28)
at testScenarios.DisplayBookshelves.confirmrecipientEmail(DisplayBookshelves.java:695)
at java.base/java.util.ArrayList.forEach(ArrayList.java:1596)
... Removed 25 stack frames]]>
    </failure>
  </testcase> <!-- confirmrecipientEmail -->
  <testcase classname="testScenarios.DisplayBookshelves" name="confirmrecipientMobile" time="0.002">
    <failure type="java.lang.NullPointerException" message="Cannot invoke &amp;quot;org.openqa.selenium.WebDriver.findElement(org.openqa.selenium.By)&amp;quot; because &amp;quot;driver&amp;quot; is null">
      <![CDATA[java.lang.NullPointerException: Cannot invoke "org.openqa.selenium.WebDriver.findElement(org.openqa.selenium.By)" because "driver" is null
at testObjectRepository.HomeSubmittedPageDetails.recipientMobile(HomeSubmittedPageDetails.java:34)
at testScenarios.DisplayBookshelves.confirmrecipientMobile(DisplayBookshelves.java:707)
at java.base/java.util.ArrayList.forEach(ArrayList.java:1596)
... Removed 25 stack frames]]>
    </failure>
  </testcase> <!-- confirmrecipientMobile -->
  <testcase classname="testScenarios.DisplayBookshelves" name="confirmcustomerName" time="0.002">
    <failure type="java.lang.NullPointerException" message="Cannot invoke &amp;quot;org.openqa.selenium.WebDriver.findElement(org.openqa.selenium.By)&amp;quot; because &amp;quot;driver&amp;quot; is null">
      <![CDATA[java.lang.NullPointerException: Cannot invoke "org.openqa.selenium.WebDriver.findElement(org.openqa.selenium.By)" because "driver" is null
at testObjectRepository.HomeSubmittedPageDetails.customerName(HomeSubmittedPageDetails.java:40)
at testScenarios.DisplayBookshelves.confirmcustomerName(DisplayBookshelves.java:718)
at java.base/java.util.ArrayList.forEach(ArrayList.java:1596)
... Removed 25 stack frames]]>
    </failure>
  </testcase> <!-- confirmcustomerName -->
  <testcase classname="testScenarios.DisplayBookshelves" name="confirmcustomerEmail" time="0.002">
    <failure type="java.lang.NullPointerException" message="Cannot invoke &amp;quot;org.openqa.selenium.WebDriver.findElement(org.openqa.selenium.By)&amp;quot; because &amp;quot;driver&amp;quot; is null">
      <![CDATA[java.lang.NullPointerException: Cannot invoke "org.openqa.selenium.WebDriver.findElement(org.openqa.selenium.By)" because "driver" is null
at testObjectRepository.HomeSubmittedPageDetails.customerEmail(HomeSubmittedPageDetails.java:46)
at testScenarios.DisplayBookshelves.confirmcustomerEmail(DisplayBookshelves.java:730)
at java.base/java.util.ArrayList.forEach(ArrayList.java:1596)
... Removed 25 stack frames]]>
    </failure>
  </testcase> <!-- confirmcustomerEmail -->
  <testcase classname="testScenarios.DisplayBookshelves" name="confirmcustomerMobile" time="0.002">
    <failure type="java.lang.NullPointerException" message="Cannot invoke &amp;quot;org.openqa.selenium.WebDriver.findElement(org.openqa.selenium.By)&amp;quot; because &amp;quot;driver&amp;quot; is null">
      <![CDATA[java.lang.NullPointerException: Cannot invoke "org.openqa.selenium.WebDriver.findElement(org.openqa.selenium.By)" because "driver" is null
at testObjectRepository.HomeSubmittedPageDetails.customerMobile(HomeSubmittedPageDetails.java:51)
at testScenarios.DisplayBookshelves.confirmcustomerMobile(DisplayBookshelves.java:741)
at java.base/java.util.ArrayList.forEach(ArrayList.java:1596)
... Removed 25 stack frames]]>
    </failure>
  </testcase> <!-- confirmcustomerMobile -->
  <testcase classname="testScenarios.DisplayBookshelves" name="confirmcustomerCity" time="0.003">
    <failure type="java.lang.NullPointerException" message="Cannot invoke &amp;quot;org.openqa.selenium.WebDriver.findElement(org.openqa.selenium.By)&amp;quot; because &amp;quot;driver&amp;quot; is null">
      <![CDATA[java.lang.NullPointerException: Cannot invoke "org.openqa.selenium.WebDriver.findElement(org.openqa.selenium.By)" because "driver" is null
at testObjectRepository.HomeSubmittedPageDetails.customerCity(HomeSubmittedPageDetails.java:57)
at testScenarios.DisplayBookshelves.confirmcustomerCity(DisplayBookshelves.java:753)
at java.base/java.util.ArrayList.forEach(ArrayList.java:1596)
... Removed 25 stack frames]]>
    </failure>
  </testcase> <!-- confirmcustomerCity -->
  <testcase classname="testScenarios.DisplayBookshelves" name="confirmcustomerPinCode" time="0.002">
    <failure type="java.lang.NullPointerException" message="Cannot invoke &amp;quot;org.openqa.selenium.WebDriver.findElement(org.openqa.selenium.By)&amp;quot; because &amp;quot;driver&amp;quot; is null">
      <![CDATA[java.lang.NullPointerException: Cannot invoke "org.openqa.selenium.WebDriver.findElement(org.openqa.selenium.By)" because "driver" is null
at testObjectRepository.HomeSubmittedPageDetails.customerPinCode(HomeSubmittedPageDetails.java:63)
at testScenarios.DisplayBookshelves.confirmcustomerPinCode(DisplayBookshelves.java:766)
at java.base/java.util.ArrayList.forEach(ArrayList.java:1596)
... Removed 25 stack frames]]>
    </failure>
  </testcase> <!-- confirmcustomerPinCode -->
  <testcase classname="testScenarios.DisplayBookshelves" name="enterMessage" time="0.0">
    <ignored/>
  </testcase> <!-- enterMessage -->
  <testcase classname="testScenarios.DisplayBookshelves" name="slidePrice" time="0.0">
    <ignored/>
  </testcase> <!-- slidePrice -->
  <testcase classname="testScenarios.DisplayBookshelves" name="screenShotOfErrorMessage" time="0.0">
    <ignored/>
  </testcase> <!-- screenShotOfErrorMessage -->
  <testcase classname="testScenarios.DisplayBookshelves" name="enterRecipientMobile" time="0.0">
    <ignored/>
  </testcase> <!-- enterRecipientMobile -->
  <testcase classname="testScenarios.DisplayBookshelves" name="enterCustomerEmail" time="0.0">
    <ignored/>
  </testcase> <!-- enterCustomerEmail -->
  <testcase classname="testScenarios.DisplayBookshelves" name="popupclose" time="0.0">
    <ignored/>
  </testcase> <!-- popupclose -->
  <testcase classname="testScenarios.DisplayBookshelves" name="enteringAmount" time="0.0">
    <ignored/>
  </testcase> <!-- enteringAmount -->
  <testcase classname="testScenarios.DisplayBookshelves" name="scrollUp" time="0.0">
    <ignored/>
  </testcase> <!-- scrollUp -->
  <testcase classname="testScenarios.DisplayBookshelves" name="enterCorrectDeatils" time="0.0">
    <ignored/>
  </testcase> <!-- enterCorrectDeatils -->
  <testcase classname="testScenarios.DisplayBookshelves" name="screenShotOfBookShelves" time="0.0">
    <ignored/>
  </testcase> <!-- screenShotOfBookShelves -->
  <testcase classname="testScenarios.DisplayBookshelves" name="clickOnBirthdayOrAnniversary" time="0.0">
    <ignored/>
  </testcase> <!-- clickOnBirthdayOrAnniversary -->
  <testcase classname="testScenarios.DisplayBookshelves" name="enterPinofCustomerPin" time="0.0">
    <ignored/>
  </testcase> <!-- enterPinofCustomerPin -->
  <testcase classname="testScenarios.DisplayBookshelves" name="displayErrorMessage" time="0.0">
    <ignored/>
  </testcase> <!-- displayErrorMessage -->
  <testcase classname="testScenarios.DisplayBookshelves" name="clearrecipientmail" time="0.0">
    <ignored/>
  </testcase> <!-- clearrecipientmail -->
  <testcase classname="testScenarios.DisplayBookshelves" name="inStockSelction" time="0.0">
    <ignored/>
  </testcase> <!-- inStockSelction -->
  <testcase classname="testScenarios.DisplayBookshelves" name="hoverSort" time="0.0">
    <ignored/>
  </testcase> <!-- hoverSort -->
  <testcase classname="testScenarios.DisplayBookshelves" name="hoverLiving" time="0.0">
    <ignored/>
  </testcase> <!-- hoverLiving -->
  <testcase classname="testScenarios.DisplayBookshelves" name="hoverCategory" time="0.0">
    <ignored/>
  </testcase> <!-- hoverCategory -->
  <testcase classname="testScenarios.DisplayBookshelves" name="selectCategory" time="0.0">
    <ignored/>
  </testcase> <!-- selectCategory -->
  <testcase classname="testScenarios.DisplayBookshelves" name="enterCustomerMobileNumber" time="0.0">
    <ignored/>
  </testcase> <!-- enterCustomerMobileNumber -->
  <testcase classname="testScenarios.DisplayBookshelves" name="clickConfirmWithcorrectEmail" time="0.0">
    <ignored/>
  </testcase> <!-- clickConfirmWithcorrectEmail -->
  <testcase classname="testScenarios.DisplayBookshelves" name="clickOnConfirm" time="0.0">
    <ignored/>
  </testcase> <!-- clickOnConfirm -->
  <testcase classname="testScenarios.DisplayBookshelves" name="inputBox" time="0.0">
    <ignored/>
  </testcase> <!-- inputBox -->
  <testcase classname="testScenarios.DisplayBookshelves" name="testCaseReadJSON" time="0.0">
    <ignored/>
  </testcase> <!-- testCaseReadJSON -->
  <testcase classname="testScenarios.DisplayBookshelves" name="listOFseatingAndChairExcel" time="0.0">
    <ignored/>
  </testcase> <!-- listOFseatingAndChairExcel -->
  <testcase classname="testScenarios.DisplayBookshelves" name="scroll" time="0.0">
    <ignored/>
  </testcase> <!-- scroll -->
  <testcase classname="testScenarios.DisplayBookshelves" name="displayingBookShelves" time="0.0">
    <ignored/>
  </testcase> <!-- displayingBookShelves -->
  <testcase classname="testScenarios.DisplayBookshelves" name="clickOnNext" time="0.0">
    <ignored/>
  </testcase> <!-- clickOnNext -->
  <testcase classname="testScenarios.DisplayBookshelves" name="enterCustomerName" time="0.0">
    <ignored/>
  </testcase> <!-- enterCustomerName -->
  <testcase classname="testScenarios.DisplayBookshelves" name="waitForSubmenuToAppear" time="0.0">
    <ignored/>
  </testcase> <!-- waitForSubmenuToAppear -->
  <testcase classname="testScenarios.DisplayBookshelves" name="hoverPrice" time="0.0">
    <ignored/>
  </testcase> <!-- hoverPrice -->
  <testcase classname="testScenarios.DisplayBookshelves" name="collectingBookShelvesList" time="0.0">
    <ignored/>
  </testcase> <!-- collectingBookShelvesList -->
  <testcase classname="testScenarios.DisplayBookshelves" name="clickOnGiftCard" time="0.0">
    <ignored/>
  </testcase> <!-- clickOnGiftCard -->
  <testcase classname="testScenarios.DisplayBookshelves" name="confirmDetailsPage" time="0.0">
    <ignored/>
  </testcase> <!-- confirmDetailsPage -->
  <testcase classname="testScenarios.DisplayBookshelves" name="waitForGiftCardVisibility" time="0.0">
    <ignored/>
  </testcase> <!-- waitForGiftCardVisibility -->
  <testcase classname="testScenarios.DisplayBookshelves" name="displaySubMenuSeatingandChair" time="0.0">
    <ignored/>
  </testcase> <!-- displaySubMenuSeatingandChair -->
  <testcase classname="testScenarios.DisplayBookshelves" name="enterRecipientEmail" time="0.0">
    <ignored/>
  </testcase> <!-- enterRecipientEmail -->
  <testcase classname="testScenarios.DisplayBookshelves" name="screenShotOfByAtLiving" time="0.0">
    <ignored/>
  </testcase> <!-- screenShotOfByAtLiving -->
  <testcase classname="testScenarios.DisplayBookshelves" name="screenShotOfconfirmationPage" time="0.0">
    <ignored/>
  </testcase> <!-- screenShotOfconfirmationPage -->
  <testcase classname="testScenarios.DisplayBookshelves" name="clickSearch" time="0.0">
    <ignored/>
  </testcase> <!-- clickSearch -->
  <testcase classname="testScenarios.DisplayBookshelves" name="enterAddressofCustomer" time="0.0">
    <ignored/>
  </testcase> <!-- enterAddressofCustomer -->
  <testcase classname="testScenarios.DisplayBookshelves" name="enterRecipientName" time="0.0">
    <ignored/>
  </testcase> <!-- enterRecipientName -->
</testsuite> <!-- Regression Test two -->
