<?xml version="1.0" encoding="UTF-8"?>
<!-- Generated by org.testng.reporters.JUnitXMLReporter -->
<testsuite ignored="45" hostname="LTIN486222" failures="5" tests="6" name="Regression Test one" time="0.073" errors="0" timestamp="2024-03-07T15:40:08 IST">
  <testcase classname="testScenarios.DisplayBookshelves" name="scrollUp" time="0.031">
    <failure type="java.lang.NullPointerException" message="Cannot invoke &amp;quot;org.openqa.selenium.WebDriver.findElement(org.openqa.selenium.By)&amp;quot; because &amp;quot;driver&amp;quot; is null">
      <![CDATA[java.lang.NullPointerException: Cannot invoke "org.openqa.selenium.WebDriver.findElement(org.openqa.selenium.By)" because "driver" is null
at testObjectRepository.HomePageByAtLiving.txtscrolltill(HomePageByAtLiving.java:21)
at testScenarios.DisplayBookshelves.scrollUp(DisplayBookshelves.java:303)
at java.base/java.util.ArrayList.forEach(ArrayList.java:1596)
... Removed 25 stack frames]]>
    </failure>
  </testcase> <!-- scrollUp -->
  <testcase classname="testScenarios.DisplayBookshelves" name="hoverLiving" time="0.006">
    <failure type="java.lang.IllegalArgumentException" message="Driver must be set">
      <![CDATA[java.lang.IllegalArgumentException: Driver must be set
at org.openqa.selenium.internal.Require.nonNull(Require.java:60)
at org.openqa.selenium.interactions.Actions.<init>(Actions.java:59)
at testScenarios.DisplayBookshelves.hoverLiving(DisplayBookshelves.java:313)
at java.base/java.util.ArrayList.forEach(ArrayList.java:1596)
... Removed 25 stack frames]]>
    </failure>
  </testcase> <!-- hoverLiving -->
  <testcase classname="testScenarios.DisplayBookshelves" name="waitForSubmenuToAppear" time="0.002">
    <failure type="java.lang.NullPointerException" message="Cannot invoke &amp;quot;org.openqa.selenium.WebDriver.findElement(org.openqa.selenium.By)&amp;quot; because &amp;quot;driver&amp;quot; is null">
      <![CDATA[java.lang.NullPointerException: Cannot invoke "org.openqa.selenium.WebDriver.findElement(org.openqa.selenium.By)" because "driver" is null
at testObjectRepository.HomePageByAtLiving.txtSeatingChair(HomePageByAtLiving.java:42)
at testScenarios.DisplayBookshelves.waitForSubmenuToAppear(DisplayBookshelves.java:324)
at java.base/java.util.ArrayList.forEach(ArrayList.java:1596)
... Removed 25 stack frames]]>
    </failure>
  </testcase> <!-- waitForSubmenuToAppear -->
  <testcase classname="testScenarios.DisplayBookshelves" name="listOFseatingAndChairExcel" time="0.003">
    <failure type="java.lang.NullPointerException" message="Cannot invoke &amp;quot;org.openqa.selenium.WebDriver.findElements(org.openqa.selenium.By)&amp;quot; because &amp;quot;driver&amp;quot; is null">
      <![CDATA[java.lang.NullPointerException: Cannot invoke "org.openqa.selenium.WebDriver.findElements(org.openqa.selenium.By)" because "driver" is null
at testObjectRepository.HomePageByAtLiving.listOfSeatingandChairitems(HomePageByAtLiving.java:35)
at testScenarios.DisplayBookshelves.listOFseatingAndChairExcel(DisplayBookshelves.java:334)
at java.base/java.util.ArrayList.forEach(ArrayList.java:1596)
... Removed 25 stack frames]]>
    </failure>
  </testcase> <!-- listOFseatingAndChairExcel -->
  <testcase classname="testScenarios.DisplayBookshelves" name="displaySubMenuSeatingandChair" time="0.003">
    <failure type="java.lang.NullPointerException" message="Cannot invoke &amp;quot;org.openqa.selenium.WebDriver.findElements(org.openqa.selenium.By)&amp;quot; because &amp;quot;driver&amp;quot; is null">
      <![CDATA[java.lang.NullPointerException: Cannot invoke "org.openqa.selenium.WebDriver.findElements(org.openqa.selenium.By)" because "driver" is null
at testObjectRepository.HomePageByAtLiving.listOfSeatingandChairitems(HomePageByAtLiving.java:35)
at testScenarios.DisplayBookshelves.displaySubMenuSeatingandChair(DisplayBookshelves.java:353)
at java.base/java.util.ArrayList.forEach(ArrayList.java:1596)
... Removed 25 stack frames]]>
    </failure>
  </testcase> <!-- displaySubMenuSeatingandChair -->
  <testcase classname="testScenarios.DisplayBookshelves" name="screenShotOfByAtLiving" time="0.004"/>
  <testcase classname="testScenarios.DisplayBookshelves" name="enterMessage" time="0.0">
    <ignored/>
  </testcase> <!-- enterMessage -->
  <testcase classname="testScenarios.DisplayBookshelves" name="slidePrice" time="0.0">
    <ignored/>
  </testcase> <!-- slidePrice -->
  <testcase classname="testScenarios.DisplayBookshelves" name="screenShotOfErrorMessage" time="0.0">
    <ignored/>
  </testcase> <!-- screenShotOfErrorMessage -->
  <testcase classname="testScenarios.DisplayBookshelves" name="confirmcustomerPinCode" time="0.0">
    <ignored/>
  </testcase> <!-- confirmcustomerPinCode -->
  <testcase classname="testScenarios.DisplayBookshelves" name="confirmcustomerCity" time="0.0">
    <ignored/>
  </testcase> <!-- confirmcustomerCity -->
  <testcase classname="testScenarios.DisplayBookshelves" name="enterRecipientMobile" time="0.0">
    <ignored/>
  </testcase> <!-- enterRecipientMobile -->
  <testcase classname="testScenarios.DisplayBookshelves" name="enterCustomerEmail" time="0.0">
    <ignored/>
  </testcase> <!-- enterCustomerEmail -->
  <testcase classname="testScenarios.DisplayBookshelves" name="popupclose" time="0.0">
    <ignored/>
  </testcase> <!-- popupclose -->
  <testcase classname="testScenarios.DisplayBookshelves" name="enteringAmount" time="0.0">
    <ignored/>
  </testcase> <!-- enteringAmount -->
  <testcase classname="testScenarios.DisplayBookshelves" name="confirmcustomerEmail" time="0.0">
    <ignored/>
  </testcase> <!-- confirmcustomerEmail -->
  <testcase classname="testScenarios.DisplayBookshelves" name="enterCorrectDeatils" time="0.0">
    <ignored/>
  </testcase> <!-- enterCorrectDeatils -->
  <testcase classname="testScenarios.DisplayBookshelves" name="screenShotOfBookShelves" time="0.0">
    <ignored/>
  </testcase> <!-- screenShotOfBookShelves -->
  <testcase classname="testScenarios.DisplayBookshelves" name="clickOnBirthdayOrAnniversary" time="0.0">
    <ignored/>
  </testcase> <!-- clickOnBirthdayOrAnniversary -->
  <testcase classname="testScenarios.DisplayBookshelves" name="enterPinofCustomerPin" time="0.0">
    <ignored/>
  </testcase> <!-- enterPinofCustomerPin -->
  <testcase classname="testScenarios.DisplayBookshelves" name="displayErrorMessage" time="0.0">
    <ignored/>
  </testcase> <!-- displayErrorMessage -->
  <testcase classname="testScenarios.DisplayBookshelves" name="confirmrecipientEmail" time="0.0">
    <ignored/>
  </testcase> <!-- confirmrecipientEmail -->
  <testcase classname="testScenarios.DisplayBookshelves" name="clearrecipientmail" time="0.0">
    <ignored/>
  </testcase> <!-- clearrecipientmail -->
  <testcase classname="testScenarios.DisplayBookshelves" name="inStockSelction" time="0.0">
    <ignored/>
  </testcase> <!-- inStockSelction -->
  <testcase classname="testScenarios.DisplayBookshelves" name="hoverSort" time="0.0">
    <ignored/>
  </testcase> <!-- hoverSort -->
  <testcase classname="testScenarios.DisplayBookshelves" name="hoverCategory" time="0.0">
    <ignored/>
  </testcase> <!-- hoverCategory -->
  <testcase classname="testScenarios.DisplayBookshelves" name="selectCategory" time="0.0">
    <ignored/>
  </testcase> <!-- selectCategory -->
  <testcase classname="testScenarios.DisplayBookshelves" name="confirmrecipientMobile" time="0.0">
    <ignored/>
  </testcase> <!-- confirmrecipientMobile -->
  <testcase classname="testScenarios.DisplayBookshelves" name="enterCustomerMobileNumber" time="0.0">
    <ignored/>
  </testcase> <!-- enterCustomerMobileNumber -->
  <testcase classname="testScenarios.DisplayBookshelves" name="clickConfirmWithcorrectEmail" time="0.0">
    <ignored/>
  </testcase> <!-- clickConfirmWithcorrectEmail -->
  <testcase classname="testScenarios.DisplayBookshelves" name="clickOnConfirm" time="0.0">
    <ignored/>
  </testcase> <!-- clickOnConfirm -->
  <testcase classname="testScenarios.DisplayBookshelves" name="confirmrecipientName" time="0.0">
    <ignored/>
  </testcase> <!-- confirmrecipientName -->
  <testcase classname="testScenarios.DisplayBookshelves" name="inputBox" time="0.0">
    <ignored/>
  </testcase> <!-- inputBox -->
  <testcase classname="testScenarios.DisplayBookshelves" name="testCaseReadJSON" time="0.0">
    <ignored/>
  </testcase> <!-- testCaseReadJSON -->
  <testcase classname="testScenarios.DisplayBookshelves" name="confirmamountEnetered" time="0.0">
    <ignored/>
  </testcase> <!-- confirmamountEnetered -->
  <testcase classname="testScenarios.DisplayBookshelves" name="scroll" time="0.0">
    <ignored/>
  </testcase> <!-- scroll -->
  <testcase classname="testScenarios.DisplayBookshelves" name="displayingBookShelves" time="0.0">
    <ignored/>
  </testcase> <!-- displayingBookShelves -->
  <testcase classname="testScenarios.DisplayBookshelves" name="clickOnNext" time="0.0">
    <ignored/>
  </testcase> <!-- clickOnNext -->
  <testcase classname="testScenarios.DisplayBookshelves" name="enterCustomerName" time="0.0">
    <ignored/>
  </testcase> <!-- enterCustomerName -->
  <testcase classname="testScenarios.DisplayBookshelves" name="hoverPrice" time="0.0">
    <ignored/>
  </testcase> <!-- hoverPrice -->
  <testcase classname="testScenarios.DisplayBookshelves" name="collectingBookShelvesList" time="0.0">
    <ignored/>
  </testcase> <!-- collectingBookShelvesList -->
  <testcase classname="testScenarios.DisplayBookshelves" name="confirmcustomerMobile" time="0.0">
    <ignored/>
  </testcase> <!-- confirmcustomerMobile -->
  <testcase classname="testScenarios.DisplayBookshelves" name="clickOnGiftCard" time="0.0">
    <ignored/>
  </testcase> <!-- clickOnGiftCard -->
  <testcase classname="testScenarios.DisplayBookshelves" name="confirmDetailsPage" time="0.0">
    <ignored/>
  </testcase> <!-- confirmDetailsPage -->
  <testcase classname="testScenarios.DisplayBookshelves" name="waitForGiftCardVisibility" time="0.0">
    <ignored/>
  </testcase> <!-- waitForGiftCardVisibility -->
  <testcase classname="testScenarios.DisplayBookshelves" name="confirmcustomerName" time="0.0">
    <ignored/>
  </testcase> <!-- confirmcustomerName -->
  <testcase classname="testScenarios.DisplayBookshelves" name="enterRecipientEmail" time="0.0">
    <ignored/>
  </testcase> <!-- enterRecipientEmail -->
  <testcase classname="testScenarios.DisplayBookshelves" name="screenShotOfconfirmationPage" time="0.0">
    <ignored/>
  </testcase> <!-- screenShotOfconfirmationPage -->
  <testcase classname="testScenarios.DisplayBookshelves" name="clickSearch" time="0.0">
    <ignored/>
  </testcase> <!-- clickSearch -->
  <testcase classname="testScenarios.DisplayBookshelves" name="enterAddressofCustomer" time="0.0">
    <ignored/>
  </testcase> <!-- enterAddressofCustomer -->
  <testcase classname="testScenarios.DisplayBookshelves" name="enterRecipientName" time="0.0">
    <ignored/>
  </testcase> <!-- enterRecipientName -->
</testsuite> <!-- Regression Test one -->
