<?xml version="1.0" encoding="UTF-8"?>
<!-- Generated by org.testng.reporters.JUnitXMLReporter -->
<testsuite ignored="37" hostname="LTIN486222" failures="0" tests="14" name="Smoke Test one" time="33.206" errors="0" timestamp="2024-02-29T10:23:48 IST">
  <testcase classname="testScenarios.DisplayBookshelves" name="testCaseReadJSON" time="0.061"/>
  <testcase classname="testScenarios.DisplayBookshelves" name="inputBox" time="0.317"/>
  <testcase classname="testScenarios.DisplayBookshelves" name="clickSearch" time="2.041"/>
  <testcase classname="testScenarios.DisplayBookshelves" name="popupclose" time="2.93"/>
  <testcase classname="testScenarios.DisplayBookshelves" name="scroll" time="0.058"/>
  <testcase classname="testScenarios.DisplayBookshelves" name="hoverCategory" time="0.199"/>
  <testcase classname="testScenarios.DisplayBookshelves" name="selectCategory" time="0.713"/>
  <testcase classname="testScenarios.DisplayBookshelves" name="hoverPrice" time="0.163"/>
  <testcase classname="testScenarios.DisplayBookshelves" name="slidePrice" time="8.758"/>
  <testcase classname="testScenarios.DisplayBookshelves" name="hoverSort" time="0.217"/>
  <testcase classname="testScenarios.DisplayBookshelves" name="inStockSelction" time="0.193"/>
  <testcase classname="testScenarios.DisplayBookshelves" name="collectingBookShelvesList" time="4.852"/>
  <testcase classname="testScenarios.DisplayBookshelves" name="displayingBookShelves" time="0.005"/>
  <testcase classname="testScenarios.DisplayBookshelves" name="screenShotOfBookShelves" time="0.427"/>
  <testcase classname="testScenarios.DisplayBookshelves" name="enterMessage" time="0.0">
    <ignored/>
  </testcase> <!-- enterMessage -->
  <testcase classname="testScenarios.DisplayBookshelves" name="screenShotOfErrorMessage" time="0.0">
    <ignored/>
  </testcase> <!-- screenShotOfErrorMessage -->
  <testcase classname="testScenarios.DisplayBookshelves" name="confirmcustomerPinCode" time="0.0">
    <ignored/>
  </testcase> <!-- confirmcustomerPinCode -->
  <testcase classname="testScenarios.DisplayBookshelves" name="enterRecipientMobile" time="0.0">
    <ignored/>
  </testcase> <!-- enterRecipientMobile -->
  <testcase classname="testScenarios.DisplayBookshelves" name="confirmcustomerCity" time="0.0">
    <ignored/>
  </testcase> <!-- confirmcustomerCity -->
  <testcase classname="testScenarios.DisplayBookshelves" name="enterCustomerEmail" time="0.0">
    <ignored/>
  </testcase> <!-- enterCustomerEmail -->
  <testcase classname="testScenarios.DisplayBookshelves" name="enteringAmount" time="0.0">
    <ignored/>
  </testcase> <!-- enteringAmount -->
  <testcase classname="testScenarios.DisplayBookshelves" name="confirmcustomerEmail" time="0.0">
    <ignored/>
  </testcase> <!-- confirmcustomerEmail -->
  <testcase classname="testScenarios.DisplayBookshelves" name="scrollUp" time="0.0">
    <ignored/>
  </testcase> <!-- scrollUp -->
  <testcase classname="testScenarios.DisplayBookshelves" name="enterCorrectDeatils" time="0.0">
    <ignored/>
  </testcase> <!-- enterCorrectDeatils -->
  <testcase classname="testScenarios.DisplayBookshelves" name="clickOnBirthdayOrAnniversary" time="0.0">
    <ignored/>
  </testcase> <!-- clickOnBirthdayOrAnniversary -->
  <testcase classname="testScenarios.DisplayBookshelves" name="enterPinofCustomerPin" time="0.0">
    <ignored/>
  </testcase> <!-- enterPinofCustomerPin -->
  <testcase classname="testScenarios.DisplayBookshelves" name="displayErrorMessage" time="0.0">
    <ignored/>
  </testcase> <!-- displayErrorMessage -->
  <testcase classname="testScenarios.DisplayBookshelves" name="confirmrecipientEmail" time="0.0">
    <ignored/>
  </testcase> <!-- confirmrecipientEmail -->
  <testcase classname="testScenarios.DisplayBookshelves" name="clearrecipientmail" time="0.0">
    <ignored/>
  </testcase> <!-- clearrecipientmail -->
  <testcase classname="testScenarios.DisplayBookshelves" name="hoverLiving" time="0.0">
    <ignored/>
  </testcase> <!-- hoverLiving -->
  <testcase classname="testScenarios.DisplayBookshelves" name="confirmrecipientMobile" time="0.0">
    <ignored/>
  </testcase> <!-- confirmrecipientMobile -->
  <testcase classname="testScenarios.DisplayBookshelves" name="enterCustomerMobileNumber" time="0.0">
    <ignored/>
  </testcase> <!-- enterCustomerMobileNumber -->
  <testcase classname="testScenarios.DisplayBookshelves" name="clickConfirmWithcorrectEmail" time="0.0">
    <ignored/>
  </testcase> <!-- clickConfirmWithcorrectEmail -->
  <testcase classname="testScenarios.DisplayBookshelves" name="clickOnConfirm" time="0.0">
    <ignored/>
  </testcase> <!-- clickOnConfirm -->
  <testcase classname="testScenarios.DisplayBookshelves" name="confirmrecipientName" time="0.0">
    <ignored/>
  </testcase> <!-- confirmrecipientName -->
  <testcase classname="testScenarios.DisplayBookshelves" name="confirmamountEnetered" time="0.0">
    <ignored/>
  </testcase> <!-- confirmamountEnetered -->
  <testcase classname="testScenarios.DisplayBookshelves" name="listOFseatingAndChairExcel" time="0.0">
    <ignored/>
  </testcase> <!-- listOFseatingAndChairExcel -->
  <testcase classname="testScenarios.DisplayBookshelves" name="clickOnNext" time="0.0">
    <ignored/>
  </testcase> <!-- clickOnNext -->
  <testcase classname="testScenarios.DisplayBookshelves" name="waitForSubmenuToAppear" time="0.0">
    <ignored/>
  </testcase> <!-- waitForSubmenuToAppear -->
  <testcase classname="testScenarios.DisplayBookshelves" name="enterCustomerName" time="0.0">
    <ignored/>
  </testcase> <!-- enterCustomerName -->
  <testcase classname="testScenarios.DisplayBookshelves" name="confirmcustomerMobile" time="0.0">
    <ignored/>
  </testcase> <!-- confirmcustomerMobile -->
  <testcase classname="testScenarios.DisplayBookshelves" name="clickOnGiftCard" time="0.0">
    <ignored/>
  </testcase> <!-- clickOnGiftCard -->
  <testcase classname="testScenarios.DisplayBookshelves" name="confirmDetailsPage" time="0.0">
    <ignored/>
  </testcase> <!-- confirmDetailsPage -->
  <testcase classname="testScenarios.DisplayBookshelves" name="waitForGiftCardVisibility" time="0.0">
    <ignored/>
  </testcase> <!-- waitForGiftCardVisibility -->
  <testcase classname="testScenarios.DisplayBookshelves" name="displaySubMenuSeatingandChair" time="0.0">
    <ignored/>
  </testcase> <!-- displaySubMenuSeatingandChair -->
  <testcase classname="testScenarios.DisplayBookshelves" name="confirmcustomerName" time="0.0">
    <ignored/>
  </testcase> <!-- confirmcustomerName -->
  <testcase classname="testScenarios.DisplayBookshelves" name="enterRecipientEmail" time="0.0">
    <ignored/>
  </testcase> <!-- enterRecipientEmail -->
  <testcase classname="testScenarios.DisplayBookshelves" name="screenShotOfByAtLiving" time="0.0">
    <ignored/>
  </testcase> <!-- screenShotOfByAtLiving -->
  <testcase classname="testScenarios.DisplayBookshelves" name="screenShotOfconfirmationPage" time="0.0">
    <ignored/>
  </testcase> <!-- screenShotOfconfirmationPage -->
  <testcase classname="testScenarios.DisplayBookshelves" name="enterAddressofCustomer" time="0.0">
    <ignored/>
  </testcase> <!-- enterAddressofCustomer -->
  <testcase classname="testScenarios.DisplayBookshelves" name="enterRecipientName" time="0.0">
    <ignored/>
  </testcase> <!-- enterRecipientName -->
</testsuite> <!-- Smoke Test one -->
