<?xml version="1.0" encoding="UTF-8"?>
<!-- Generated by org.testng.reporters.JUnitXMLReporter -->
<testsuite ignored="29" hostname="LTIN486222" failures="20" tests="22" name="Smoke Test two" time="0.16" errors="0" timestamp="2024-03-07T15:40:09 IST">
  <testcase classname="testScenarios.DisplayBookshelves" name="waitForGiftCardVisibility" time="0.005">
    <failure type="java.lang.NullPointerException" message="Cannot invoke &amp;quot;org.openqa.selenium.WebDriver.findElement(org.openqa.selenium.By)&amp;quot; because &amp;quot;driver&amp;quot; is null">
      <![CDATA[java.lang.NullPointerException: Cannot invoke "org.openqa.selenium.WebDriver.findElement(org.openqa.selenium.By)" because "driver" is null
at testObjectRepository.HomePageGiftCards.giftCardMenu(HomePageGiftCards.java:19)
at testScenarios.DisplayBookshelves.waitForGiftCardVisibility(DisplayBookshelves.java:388)
at java.base/java.util.ArrayList.forEach(ArrayList.java:1596)
... Removed 25 stack frames]]>
    </failure>
  </testcase> <!-- waitForGiftCardVisibility -->
  <testcase classname="testScenarios.DisplayBookshelves" name="clickOnGiftCard" time="0.004">
    <failure type="java.lang.NullPointerException" message="Cannot invoke &amp;quot;org.openqa.selenium.WebDriver.findElement(org.openqa.selenium.By)&amp;quot; because &amp;quot;driver&amp;quot; is null">
      <![CDATA[java.lang.NullPointerException: Cannot invoke "org.openqa.selenium.WebDriver.findElement(org.openqa.selenium.By)" because "driver" is null
at testObjectRepository.HomePageGiftCards.giftCardMenu(HomePageGiftCards.java:19)
at testScenarios.DisplayBookshelves.clickOnGiftCard(DisplayBookshelves.java:401)
at java.base/java.util.ArrayList.forEach(ArrayList.java:1596)
... Removed 25 stack frames]]>
    </failure>
  </testcase> <!-- clickOnGiftCard -->
  <testcase classname="testScenarios.DisplayBookshelves" name="clickOnBirthdayOrAnniversary" time="0.002">
    <failure type="java.lang.NullPointerException" message="Cannot invoke &amp;quot;org.openqa.selenium.WebDriver.findElement(org.openqa.selenium.By)&amp;quot; because &amp;quot;driver&amp;quot; is null">
      <![CDATA[java.lang.NullPointerException: Cannot invoke "org.openqa.selenium.WebDriver.findElement(org.openqa.selenium.By)" because "driver" is null
at testObjectRepository.HomePageGiftCards.birthDayOrAnniversary(HomePageGiftCards.java:26)
at testScenarios.DisplayBookshelves.clickOnBirthdayOrAnniversary(DisplayBookshelves.java:412)
at java.base/java.util.ArrayList.forEach(ArrayList.java:1596)
... Removed 25 stack frames]]>
    </failure>
  </testcase> <!-- clickOnBirthdayOrAnniversary -->
  <testcase classname="testScenarios.DisplayBookshelves" name="enteringAmount" time="0.003">
    <failure type="java.lang.NullPointerException" message="Cannot invoke &amp;quot;org.openqa.selenium.WebDriver.findElement(org.openqa.selenium.By)&amp;quot; because &amp;quot;driver&amp;quot; is null">
      <![CDATA[java.lang.NullPointerException: Cannot invoke "org.openqa.selenium.WebDriver.findElement(org.openqa.selenium.By)" because "driver" is null
at testObjectRepository.HomePageGiftCards.findingAmount(HomePageGiftCards.java:33)
at testScenarios.DisplayBookshelves.enteringAmount(DisplayBookshelves.java:424)
at java.base/java.util.ArrayList.forEach(ArrayList.java:1596)
... Removed 25 stack frames]]>
    </failure>
  </testcase> <!-- enteringAmount -->
  <testcase classname="testScenarios.DisplayBookshelves" name="clickOnNext" time="0.004">
    <failure type="java.lang.NullPointerException" message="Cannot invoke &amp;quot;org.openqa.selenium.WebDriver.findElement(org.openqa.selenium.By)&amp;quot; because &amp;quot;driver&amp;quot; is null">
      <![CDATA[java.lang.NullPointerException: Cannot invoke "org.openqa.selenium.WebDriver.findElement(org.openqa.selenium.By)" because "driver" is null
at testObjectRepository.HomePageGiftCards.nextButton(HomePageGiftCards.java:40)
at testScenarios.DisplayBookshelves.clickOnNext(DisplayBookshelves.java:436)
at java.base/java.util.ArrayList.forEach(ArrayList.java:1596)
... Removed 25 stack frames]]>
    </failure>
  </testcase> <!-- clickOnNext -->
  <testcase classname="testScenarios.DisplayBookshelves" name="enterRecipientName" time="0.005">
    <failure type="java.lang.NullPointerException" message="Cannot invoke &amp;quot;org.openqa.selenium.WebDriver.findElement(org.openqa.selenium.By)&amp;quot; because &amp;quot;driver&amp;quot; is null">
      <![CDATA[java.lang.NullPointerException: Cannot invoke "org.openqa.selenium.WebDriver.findElement(org.openqa.selenium.By)" because "driver" is null
at testObjectRepository.HomePageGiftCards.recepientName(HomePageGiftCards.java:48)
at testScenarios.DisplayBookshelves.enterRecipientName(DisplayBookshelves.java:448)
at java.base/java.util.ArrayList.forEach(ArrayList.java:1596)
... Removed 25 stack frames]]>
    </failure>
  </testcase> <!-- enterRecipientName -->
  <testcase classname="testScenarios.DisplayBookshelves" name="enterRecipientEmail" time="0.003">
    <failure type="java.lang.NullPointerException" message="Cannot invoke &amp;quot;org.openqa.selenium.WebDriver.findElement(org.openqa.selenium.By)&amp;quot; because &amp;quot;driver&amp;quot; is null">
      <![CDATA[java.lang.NullPointerException: Cannot invoke "org.openqa.selenium.WebDriver.findElement(org.openqa.selenium.By)" because "driver" is null
at testObjectRepository.HomePageGiftCards.recepientEmail(HomePageGiftCards.java:55)
at testScenarios.DisplayBookshelves.enterRecipientEmail(DisplayBookshelves.java:460)
at java.base/java.util.ArrayList.forEach(ArrayList.java:1596)
... Removed 25 stack frames]]>
    </failure>
  </testcase> <!-- enterRecipientEmail -->
  <testcase classname="testScenarios.DisplayBookshelves" name="enterRecipientMobile" time="0.002">
    <failure type="java.lang.NullPointerException" message="Cannot invoke &amp;quot;org.openqa.selenium.WebDriver.findElement(org.openqa.selenium.By)&amp;quot; because &amp;quot;driver&amp;quot; is null">
      <![CDATA[java.lang.NullPointerException: Cannot invoke "org.openqa.selenium.WebDriver.findElement(org.openqa.selenium.By)" because "driver" is null
at testObjectRepository.HomePageGiftCards.recepientMobile(HomePageGiftCards.java:62)
at testScenarios.DisplayBookshelves.enterRecipientMobile(DisplayBookshelves.java:469)
at java.base/java.util.ArrayList.forEach(ArrayList.java:1596)
... Removed 25 stack frames]]>
    </failure>
  </testcase> <!-- enterRecipientMobile -->
  <testcase classname="testScenarios.DisplayBookshelves" name="enterCustomerName" time="0.004">
    <failure type="java.lang.NullPointerException" message="Cannot invoke &amp;quot;org.openqa.selenium.WebDriver.findElement(org.openqa.selenium.By)&amp;quot; because &amp;quot;driver&amp;quot; is null">
      <![CDATA[java.lang.NullPointerException: Cannot invoke "org.openqa.selenium.WebDriver.findElement(org.openqa.selenium.By)" because "driver" is null
at testObjectRepository.HomePageGiftCards.customerName(HomePageGiftCards.java:69)
at testScenarios.DisplayBookshelves.enterCustomerName(DisplayBookshelves.java:481)
at java.base/java.util.ArrayList.forEach(ArrayList.java:1596)
... Removed 25 stack frames]]>
    </failure>
  </testcase> <!-- enterCustomerName -->
  <testcase classname="testScenarios.DisplayBookshelves" name="enterCustomerEmail" time="0.003">
    <failure type="java.lang.NullPointerException" message="Cannot invoke &amp;quot;org.openqa.selenium.WebDriver.findElement(org.openqa.selenium.By)&amp;quot; because &amp;quot;driver&amp;quot; is null">
      <![CDATA[java.lang.NullPointerException: Cannot invoke "org.openqa.selenium.WebDriver.findElement(org.openqa.selenium.By)" because "driver" is null
at testObjectRepository.HomePageGiftCards.customerEmail(HomePageGiftCards.java:76)
at testScenarios.DisplayBookshelves.enterCustomerEmail(DisplayBookshelves.java:493)
at java.base/java.util.ArrayList.forEach(ArrayList.java:1596)
... Removed 25 stack frames]]>
    </failure>
  </testcase> <!-- enterCustomerEmail -->
  <testcase classname="testScenarios.DisplayBookshelves" name="enterCustomerMobileNumber" time="0.002">
    <failure type="java.lang.NullPointerException" message="Cannot invoke &amp;quot;org.openqa.selenium.WebDriver.findElement(org.openqa.selenium.By)&amp;quot; because &amp;quot;driver&amp;quot; is null">
      <![CDATA[java.lang.NullPointerException: Cannot invoke "org.openqa.selenium.WebDriver.findElement(org.openqa.selenium.By)" because "driver" is null
at testObjectRepository.HomePageGiftCards.customerMobileNumber(HomePageGiftCards.java:83)
at testScenarios.DisplayBookshelves.enterCustomerMobileNumber(DisplayBookshelves.java:505)
at java.base/java.util.ArrayList.forEach(ArrayList.java:1596)
... Removed 25 stack frames]]>
    </failure>
  </testcase> <!-- enterCustomerMobileNumber -->
  <testcase classname="testScenarios.DisplayBookshelves" name="enterAddressofCustomer" time="0.012">
    <failure type="java.lang.NullPointerException" message="Cannot invoke &amp;quot;org.openqa.selenium.WebDriver.findElement(org.openqa.selenium.By)&amp;quot; because &amp;quot;driver&amp;quot; is null">
      <![CDATA[java.lang.NullPointerException: Cannot invoke "org.openqa.selenium.WebDriver.findElement(org.openqa.selenium.By)" because "driver" is null
at testObjectRepository.HomePageGiftCards.enterCustomerAddress(HomePageGiftCards.java:90)
at testScenarios.DisplayBookshelves.enterAddressofCustomer(DisplayBookshelves.java:514)
at java.base/java.util.ArrayList.forEach(ArrayList.java:1596)
... Removed 25 stack frames]]>
    </failure>
  </testcase> <!-- enterAddressofCustomer -->
  <testcase classname="testScenarios.DisplayBookshelves" name="enterPinofCustomerPin" time="0.003">
    <failure type="java.lang.NullPointerException" message="Cannot invoke &amp;quot;org.openqa.selenium.WebDriver.findElement(org.openqa.selenium.By)&amp;quot; because &amp;quot;driver&amp;quot; is null">
      <![CDATA[java.lang.NullPointerException: Cannot invoke "org.openqa.selenium.WebDriver.findElement(org.openqa.selenium.By)" because "driver" is null
at testObjectRepository.HomePageGiftCards.enterCustomerPin(HomePageGiftCards.java:97)
at testScenarios.DisplayBookshelves.enterPinofCustomerPin(DisplayBookshelves.java:523)
at java.base/java.util.ArrayList.forEach(ArrayList.java:1596)
... Removed 25 stack frames]]>
    </failure>
  </testcase> <!-- enterPinofCustomerPin -->
  <testcase classname="testScenarios.DisplayBookshelves" name="enterMessage" time="0.003">
    <failure type="java.lang.NullPointerException" message="Cannot invoke &amp;quot;org.openqa.selenium.WebDriver.findElement(org.openqa.selenium.By)&amp;quot; because &amp;quot;driver&amp;quot; is null">
      <![CDATA[java.lang.NullPointerException: Cannot invoke "org.openqa.selenium.WebDriver.findElement(org.openqa.selenium.By)" because "driver" is null
at testObjectRepository.HomePageGiftCards.optionalMessage(HomePageGiftCards.java:105)
at testScenarios.DisplayBookshelves.enterMessage(DisplayBookshelves.java:534)
at java.base/java.util.ArrayList.forEach(ArrayList.java:1596)
... Removed 25 stack frames]]>
    </failure>
  </testcase> <!-- enterMessage -->
  <testcase classname="testScenarios.DisplayBookshelves" name="clickOnConfirm" time="0.003">
    <failure type="java.lang.NullPointerException" message="Cannot invoke &amp;quot;org.openqa.selenium.WebDriver.findElement(org.openqa.selenium.By)&amp;quot; because &amp;quot;driver&amp;quot; is null">
      <![CDATA[java.lang.NullPointerException: Cannot invoke "org.openqa.selenium.WebDriver.findElement(org.openqa.selenium.By)" because "driver" is null
at testObjectRepository.HomePageGiftCards.confirmButton(HomePageGiftCards.java:112)
at testScenarios.DisplayBookshelves.clickOnConfirm(DisplayBookshelves.java:546)
at java.base/java.util.ArrayList.forEach(ArrayList.java:1596)
... Removed 25 stack frames]]>
    </failure>
  </testcase> <!-- clickOnConfirm -->
  <testcase classname="testScenarios.DisplayBookshelves" name="screenShotOfErrorMessage" time="0.011"/>
  <testcase classname="testScenarios.DisplayBookshelves" name="displayErrorMessage" time="0.004">
    <failure type="java.lang.NullPointerException" message="Cannot invoke &amp;quot;org.openqa.selenium.WebDriver.findElement(org.openqa.selenium.By)&amp;quot; because &amp;quot;driver&amp;quot; is null">
      <![CDATA[java.lang.NullPointerException: Cannot invoke "org.openqa.selenium.WebDriver.findElement(org.openqa.selenium.By)" because "driver" is null
at testObjectRepository.HomePageGiftCards.recepientEmail(HomePageGiftCards.java:55)
at testScenarios.DisplayBookshelves.displayErrorMessage(DisplayBookshelves.java:579)
at java.base/java.util.ArrayList.forEach(ArrayList.java:1596)
... Removed 25 stack frames]]>
    </failure>
  </testcase> <!-- displayErrorMessage -->
  <testcase classname="testScenarios.DisplayBookshelves" name="clearrecipientmail" time="0.003">
    <failure type="java.lang.NullPointerException" message="Cannot invoke &amp;quot;org.openqa.selenium.WebDriver.findElement(org.openqa.selenium.By)&amp;quot; because &amp;quot;driver&amp;quot; is null">
      <![CDATA[java.lang.NullPointerException: Cannot invoke "org.openqa.selenium.WebDriver.findElement(org.openqa.selenium.By)" because "driver" is null
at testObjectRepository.HomePageGiftCards.recepientEmail(HomePageGiftCards.java:55)
at testScenarios.DisplayBookshelves.clearrecipientmail(DisplayBookshelves.java:591)
at java.base/java.util.ArrayList.forEach(ArrayList.java:1596)
... Removed 25 stack frames]]>
    </failure>
  </testcase> <!-- clearrecipientmail -->
  <testcase classname="testScenarios.DisplayBookshelves" name="enterCorrectDeatils" time="0.003">
    <failure type="java.lang.NullPointerException" message="Cannot invoke &amp;quot;org.openqa.selenium.WebDriver.findElement(org.openqa.selenium.By)&amp;quot; because &amp;quot;driver&amp;quot; is null">
      <![CDATA[java.lang.NullPointerException: Cannot invoke "org.openqa.selenium.WebDriver.findElement(org.openqa.selenium.By)" because "driver" is null
at testObjectRepository.HomePageGiftCards.recepientEmail(HomePageGiftCards.java:55)
at testScenarios.DisplayBookshelves.enterCorrectDeatils(DisplayBookshelves.java:599)
at java.base/java.util.ArrayList.forEach(ArrayList.java:1596)
... Removed 25 stack frames]]>
    </failure>
  </testcase> <!-- enterCorrectDeatils -->
  <testcase classname="testScenarios.DisplayBookshelves" name="clickConfirmWithcorrectEmail" time="0.004">
    <failure type="java.lang.NullPointerException" message="Cannot invoke &amp;quot;org.openqa.selenium.WebDriver.findElement(org.openqa.selenium.By)&amp;quot; because &amp;quot;driver&amp;quot; is null">
      <![CDATA[java.lang.NullPointerException: Cannot invoke "org.openqa.selenium.WebDriver.findElement(org.openqa.selenium.By)" because "driver" is null
at testObjectRepository.HomePageGiftCards.confirmButton(HomePageGiftCards.java:112)
at testScenarios.DisplayBookshelves.clickConfirmWithcorrectEmail(DisplayBookshelves.java:609)
at java.base/java.util.ArrayList.forEach(ArrayList.java:1596)
... Removed 25 stack frames]]>
    </failure>
  </testcase> <!-- clickConfirmWithcorrectEmail -->
  <testcase classname="testScenarios.DisplayBookshelves" name="confirmDetailsPage" time="0.002">
    <failure type="java.lang.NullPointerException" message="Cannot invoke &amp;quot;org.openqa.selenium.WebDriver.findElement(org.openqa.selenium.By)&amp;quot; because &amp;quot;driver&amp;quot; is null">
      <![CDATA[java.lang.NullPointerException: Cannot invoke "org.openqa.selenium.WebDriver.findElement(org.openqa.selenium.By)" because "driver" is null
at testObjectRepository.HomePageGiftCards.txtConfirmDetailsHeading(HomePageGiftCards.java:119)
at testScenarios.DisplayBookshelves.confirmDetailsPage(DisplayBookshelves.java:619)
at java.base/java.util.ArrayList.forEach(ArrayList.java:1596)
... Removed 25 stack frames]]>
    </failure>
  </testcase> <!-- confirmDetailsPage -->
  <testcase classname="testScenarios.DisplayBookshelves" name="screenShotOfconfirmationPage" time="0.002"/>
  <testcase classname="testScenarios.DisplayBookshelves" name="slidePrice" time="0.0">
    <ignored/>
  </testcase> <!-- slidePrice -->
  <testcase classname="testScenarios.DisplayBookshelves" name="confirmcustomerPinCode" time="0.0">
    <ignored/>
  </testcase> <!-- confirmcustomerPinCode -->
  <testcase classname="testScenarios.DisplayBookshelves" name="confirmcustomerCity" time="0.0">
    <ignored/>
  </testcase> <!-- confirmcustomerCity -->
  <testcase classname="testScenarios.DisplayBookshelves" name="popupclose" time="0.0">
    <ignored/>
  </testcase> <!-- popupclose -->
  <testcase classname="testScenarios.DisplayBookshelves" name="confirmcustomerEmail" time="0.0">
    <ignored/>
  </testcase> <!-- confirmcustomerEmail -->
  <testcase classname="testScenarios.DisplayBookshelves" name="scrollUp" time="0.0">
    <ignored/>
  </testcase> <!-- scrollUp -->
  <testcase classname="testScenarios.DisplayBookshelves" name="screenShotOfBookShelves" time="0.0">
    <ignored/>
  </testcase> <!-- screenShotOfBookShelves -->
  <testcase classname="testScenarios.DisplayBookshelves" name="confirmrecipientEmail" time="0.0">
    <ignored/>
  </testcase> <!-- confirmrecipientEmail -->
  <testcase classname="testScenarios.DisplayBookshelves" name="inStockSelction" time="0.0">
    <ignored/>
  </testcase> <!-- inStockSelction -->
  <testcase classname="testScenarios.DisplayBookshelves" name="hoverSort" time="0.0">
    <ignored/>
  </testcase> <!-- hoverSort -->
  <testcase classname="testScenarios.DisplayBookshelves" name="hoverLiving" time="0.0">
    <ignored/>
  </testcase> <!-- hoverLiving -->
  <testcase classname="testScenarios.DisplayBookshelves" name="hoverCategory" time="0.0">
    <ignored/>
  </testcase> <!-- hoverCategory -->
  <testcase classname="testScenarios.DisplayBookshelves" name="selectCategory" time="0.0">
    <ignored/>
  </testcase> <!-- selectCategory -->
  <testcase classname="testScenarios.DisplayBookshelves" name="confirmrecipientMobile" time="0.0">
    <ignored/>
  </testcase> <!-- confirmrecipientMobile -->
  <testcase classname="testScenarios.DisplayBookshelves" name="confirmrecipientName" time="0.0">
    <ignored/>
  </testcase> <!-- confirmrecipientName -->
  <testcase classname="testScenarios.DisplayBookshelves" name="inputBox" time="0.0">
    <ignored/>
  </testcase> <!-- inputBox -->
  <testcase classname="testScenarios.DisplayBookshelves" name="testCaseReadJSON" time="0.0">
    <ignored/>
  </testcase> <!-- testCaseReadJSON -->
  <testcase classname="testScenarios.DisplayBookshelves" name="confirmamountEnetered" time="0.0">
    <ignored/>
  </testcase> <!-- confirmamountEnetered -->
  <testcase classname="testScenarios.DisplayBookshelves" name="listOFseatingAndChairExcel" time="0.0">
    <ignored/>
  </testcase> <!-- listOFseatingAndChairExcel -->
  <testcase classname="testScenarios.DisplayBookshelves" name="scroll" time="0.0">
    <ignored/>
  </testcase> <!-- scroll -->
  <testcase classname="testScenarios.DisplayBookshelves" name="displayingBookShelves" time="0.0">
    <ignored/>
  </testcase> <!-- displayingBookShelves -->
  <testcase classname="testScenarios.DisplayBookshelves" name="waitForSubmenuToAppear" time="0.0">
    <ignored/>
  </testcase> <!-- waitForSubmenuToAppear -->
  <testcase classname="testScenarios.DisplayBookshelves" name="hoverPrice" time="0.0">
    <ignored/>
  </testcase> <!-- hoverPrice -->
  <testcase classname="testScenarios.DisplayBookshelves" name="collectingBookShelvesList" time="0.0">
    <ignored/>
  </testcase> <!-- collectingBookShelvesList -->
  <testcase classname="testScenarios.DisplayBookshelves" name="confirmcustomerMobile" time="0.0">
    <ignored/>
  </testcase> <!-- confirmcustomerMobile -->
  <testcase classname="testScenarios.DisplayBookshelves" name="displaySubMenuSeatingandChair" time="0.0">
    <ignored/>
  </testcase> <!-- displaySubMenuSeatingandChair -->
  <testcase classname="testScenarios.DisplayBookshelves" name="confirmcustomerName" time="0.0">
    <ignored/>
  </testcase> <!-- confirmcustomerName -->
  <testcase classname="testScenarios.DisplayBookshelves" name="screenShotOfByAtLiving" time="0.0">
    <ignored/>
  </testcase> <!-- screenShotOfByAtLiving -->
  <testcase classname="testScenarios.DisplayBookshelves" name="clickSearch" time="0.0">
    <ignored/>
  </testcase> <!-- clickSearch -->
</testsuite> <!-- Smoke Test two -->
