<?xml version="1.0" encoding="UTF-8"?>
<testng-results ignored="0" total="52" passed="52" failed="0" skipped="0">
  <reporter-output>
  </reporter-output>
  <suite started-at="2024-02-29T00:19:21 IST" name="Suite" finished-at="2024-02-29T00:20:06 IST" duration-ms="44361">
    <groups>
      <group name="Smoke Test two">
        <method signature="DisplayBookshelves.waitForGiftCardVisibility()[pri:20, instance:testScenarios.DisplayBookshelves@79207381]" name="waitForGiftCardVisibility" class="testScenarios.DisplayBookshelves"/>
        <method signature="DisplayBookshelves.clickOnGiftCard()[pri:21, instance:testScenarios.DisplayBookshelves@79207381]" name="clickOnGiftCard" class="testScenarios.DisplayBookshelves"/>
        <method signature="DisplayBookshelves.clickOnBirthdayOrAnniversary()[pri:22, instance:testScenarios.DisplayBookshelves@79207381]" name="clickOnBirthdayOrAnniversary" class="testScenarios.DisplayBookshelves"/>
        <method signature="DisplayBookshelves.enteringAmount()[pri:23, instance:testScenarios.DisplayBookshelves@79207381]" name="enteringAmount" class="testScenarios.DisplayBookshelves"/>
        <method signature="DisplayBookshelves.clickOnNext()[pri:24, instance:testScenarios.DisplayBookshelves@79207381]" name="clickOnNext" class="testScenarios.DisplayBookshelves"/>
        <method signature="DisplayBookshelves.enterRecipientName()[pri:25, instance:testScenarios.DisplayBookshelves@79207381]" name="enterRecipientName" class="testScenarios.DisplayBookshelves"/>
        <method signature="DisplayBookshelves.enterRecipientEmail()[pri:26, instance:testScenarios.DisplayBookshelves@79207381]" name="enterRecipientEmail" class="testScenarios.DisplayBookshelves"/>
        <method signature="DisplayBookshelves.enterRecipientMobile()[pri:27, instance:testScenarios.DisplayBookshelves@79207381]" name="enterRecipientMobile" class="testScenarios.DisplayBookshelves"/>
        <method signature="DisplayBookshelves.enterCustomerName()[pri:28, instance:testScenarios.DisplayBookshelves@79207381]" name="enterCustomerName" class="testScenarios.DisplayBookshelves"/>
        <method signature="DisplayBookshelves.enterCustomerEmail()[pri:29, instance:testScenarios.DisplayBookshelves@79207381]" name="enterCustomerEmail" class="testScenarios.DisplayBookshelves"/>
        <method signature="DisplayBookshelves.enterCustomerMobileNumber()[pri:30, instance:testScenarios.DisplayBookshelves@79207381]" name="enterCustomerMobileNumber" class="testScenarios.DisplayBookshelves"/>
        <method signature="DisplayBookshelves.enterAddressofCustomer()[pri:31, instance:testScenarios.DisplayBookshelves@79207381]" name="enterAddressofCustomer" class="testScenarios.DisplayBookshelves"/>
        <method signature="DisplayBookshelves.enterPinofCustomerPin()[pri:32, instance:testScenarios.DisplayBookshelves@79207381]" name="enterPinofCustomerPin" class="testScenarios.DisplayBookshelves"/>
        <method signature="DisplayBookshelves.enterMessage()[pri:33, instance:testScenarios.DisplayBookshelves@79207381]" name="enterMessage" class="testScenarios.DisplayBookshelves"/>
        <method signature="DisplayBookshelves.clickOnConfirm()[pri:34, instance:testScenarios.DisplayBookshelves@79207381]" name="clickOnConfirm" class="testScenarios.DisplayBookshelves"/>
        <method signature="DisplayBookshelves.screenShotOfErrorMessage()[pri:35, instance:testScenarios.DisplayBookshelves@79207381]" name="screenShotOfErrorMessage" class="testScenarios.DisplayBookshelves"/>
        <method signature="DisplayBookshelves.displayErrorMessage()[pri:36, instance:testScenarios.DisplayBookshelves@79207381]" name="displayErrorMessage" class="testScenarios.DisplayBookshelves"/>
        <method signature="DisplayBookshelves.clearrecipientmail()[pri:37, instance:testScenarios.DisplayBookshelves@79207381]" name="clearrecipientmail" class="testScenarios.DisplayBookshelves"/>
        <method signature="DisplayBookshelves.enterCorrectDeatils()[pri:38, instance:testScenarios.DisplayBookshelves@79207381]" name="enterCorrectDeatils" class="testScenarios.DisplayBookshelves"/>
        <method signature="DisplayBookshelves.clickConfirmWithcorrectEmail()[pri:39, instance:testScenarios.DisplayBookshelves@79207381]" name="clickConfirmWithcorrectEmail" class="testScenarios.DisplayBookshelves"/>
        <method signature="DisplayBookshelves.confirmDetailsPage()[pri:40, instance:testScenarios.DisplayBookshelves@79207381]" name="confirmDetailsPage" class="testScenarios.DisplayBookshelves"/>
        <method signature="DisplayBookshelves.screenShotOfconfirmationPage()[pri:41, instance:testScenarios.DisplayBookshelves@79207381]" name="screenShotOfconfirmationPage" class="testScenarios.DisplayBookshelves"/>
        <method signature="DisplayBookshelves.screenShot()[pri:51, instance:testScenarios.DisplayBookshelves@79207381]" name="screenShot" class="testScenarios.DisplayBookshelves"/>
      </group> <!-- Smoke Test two -->
      <group name="Regression Test two">
        <method signature="DisplayBookshelves.confirmamountEnetered()[pri:42, instance:testScenarios.DisplayBookshelves@7a6d7e92]" name="confirmamountEnetered" class="testScenarios.DisplayBookshelves"/>
        <method signature="DisplayBookshelves.confirmrecipientName()[pri:43, instance:testScenarios.DisplayBookshelves@7a6d7e92]" name="confirmrecipientName" class="testScenarios.DisplayBookshelves"/>
        <method signature="DisplayBookshelves.confirmrecipientEmail()[pri:44, instance:testScenarios.DisplayBookshelves@7a6d7e92]" name="confirmrecipientEmail" class="testScenarios.DisplayBookshelves"/>
        <method signature="DisplayBookshelves.confirmrecipientMobile()[pri:45, instance:testScenarios.DisplayBookshelves@7a6d7e92]" name="confirmrecipientMobile" class="testScenarios.DisplayBookshelves"/>
        <method signature="DisplayBookshelves.confirmcustomerName()[pri:46, instance:testScenarios.DisplayBookshelves@7a6d7e92]" name="confirmcustomerName" class="testScenarios.DisplayBookshelves"/>
        <method signature="DisplayBookshelves.confirmcustomerEmail()[pri:47, instance:testScenarios.DisplayBookshelves@7a6d7e92]" name="confirmcustomerEmail" class="testScenarios.DisplayBookshelves"/>
        <method signature="DisplayBookshelves.confirmcustomerMobile()[pri:48, instance:testScenarios.DisplayBookshelves@7a6d7e92]" name="confirmcustomerMobile" class="testScenarios.DisplayBookshelves"/>
        <method signature="DisplayBookshelves.confirmcustomerCity()[pri:49, instance:testScenarios.DisplayBookshelves@7a6d7e92]" name="confirmcustomerCity" class="testScenarios.DisplayBookshelves"/>
        <method signature="DisplayBookshelves.confirmcustomerPinCode()[pri:50, instance:testScenarios.DisplayBookshelves@7a6d7e92]" name="confirmcustomerPinCode" class="testScenarios.DisplayBookshelves"/>
      </group> <!-- Regression Test two -->
      <group name="Smoke Test one">
        <method signature="DisplayBookshelves.testCaseReadJSON()[pri:0, instance:testScenarios.DisplayBookshelves@6440112d]" name="testCaseReadJSON" class="testScenarios.DisplayBookshelves"/>
        <method signature="DisplayBookshelves.inputBox()[pri:1, instance:testScenarios.DisplayBookshelves@6440112d]" name="inputBox" class="testScenarios.DisplayBookshelves"/>
        <method signature="DisplayBookshelves.clickSearch()[pri:2, instance:testScenarios.DisplayBookshelves@6440112d]" name="clickSearch" class="testScenarios.DisplayBookshelves"/>
        <method signature="DisplayBookshelves.popupclose()[pri:3, instance:testScenarios.DisplayBookshelves@6440112d]" name="popupclose" class="testScenarios.DisplayBookshelves"/>
        <method signature="DisplayBookshelves.scroll()[pri:4, instance:testScenarios.DisplayBookshelves@6440112d]" name="scroll" class="testScenarios.DisplayBookshelves"/>
        <method signature="DisplayBookshelves.hoverCategory()[pri:5, instance:testScenarios.DisplayBookshelves@6440112d]" name="hoverCategory" class="testScenarios.DisplayBookshelves"/>
        <method signature="DisplayBookshelves.selectCategory()[pri:6, instance:testScenarios.DisplayBookshelves@6440112d]" name="selectCategory" class="testScenarios.DisplayBookshelves"/>
        <method signature="DisplayBookshelves.hoverPrice()[pri:7, instance:testScenarios.DisplayBookshelves@6440112d]" name="hoverPrice" class="testScenarios.DisplayBookshelves"/>
        <method signature="DisplayBookshelves.slidePrice()[pri:8, instance:testScenarios.DisplayBookshelves@6440112d]" name="slidePrice" class="testScenarios.DisplayBookshelves"/>
        <method signature="DisplayBookshelves.hoverSort()[pri:9, instance:testScenarios.DisplayBookshelves@6440112d]" name="hoverSort" class="testScenarios.DisplayBookshelves"/>
        <method signature="DisplayBookshelves.inStockSelction()[pri:10, instance:testScenarios.DisplayBookshelves@6440112d]" name="inStockSelction" class="testScenarios.DisplayBookshelves"/>
        <method signature="DisplayBookshelves.collectingBookShelvesList()[pri:11, instance:testScenarios.DisplayBookshelves@6440112d]" name="collectingBookShelvesList" class="testScenarios.DisplayBookshelves"/>
        <method signature="DisplayBookshelves.displayingBookShelves()[pri:12, instance:testScenarios.DisplayBookshelves@6440112d]" name="displayingBookShelves" class="testScenarios.DisplayBookshelves"/>
        <method signature="DisplayBookshelves.screenShotOfBookShelves()[pri:13, instance:testScenarios.DisplayBookshelves@6440112d]" name="screenShotOfBookShelves" class="testScenarios.DisplayBookshelves"/>
      </group> <!-- Smoke Test one -->
      <group name="Regression Test one">
        <method signature="DisplayBookshelves.scrollUp()[pri:14, instance:testScenarios.DisplayBookshelves@5884a914]" name="scrollUp" class="testScenarios.DisplayBookshelves"/>
        <method signature="DisplayBookshelves.hoverLiving()[pri:15, instance:testScenarios.DisplayBookshelves@5884a914]" name="hoverLiving" class="testScenarios.DisplayBookshelves"/>
        <method signature="DisplayBookshelves.waitForSubmenuToAppear()[pri:16, instance:testScenarios.DisplayBookshelves@5884a914]" name="waitForSubmenuToAppear" class="testScenarios.DisplayBookshelves"/>
        <method signature="DisplayBookshelves.listOFseatingAndChairExcel()[pri:17, instance:testScenarios.DisplayBookshelves@5884a914]" name="listOFseatingAndChairExcel" class="testScenarios.DisplayBookshelves"/>
        <method signature="DisplayBookshelves.displaySubMenuSeatingandChair()[pri:18, instance:testScenarios.DisplayBookshelves@5884a914]" name="displaySubMenuSeatingandChair" class="testScenarios.DisplayBookshelves"/>
        <method signature="DisplayBookshelves.screenShotOfByAtLiving()[pri:19, instance:testScenarios.DisplayBookshelves@5884a914]" name="screenShotOfByAtLiving" class="testScenarios.DisplayBookshelves"/>
      </group> <!-- Regression Test one -->
    </groups>
    <test started-at="2024-02-29T00:19:21 IST" name="Smoke Test one" finished-at="2024-02-29T00:19:54 IST" duration-ms="32323">
      <class name="testScenarios.DisplayBookshelves">
        <test-method is-config="true" signature="driverConfig()[pri:0, instance:testScenarios.DisplayBookshelves@6440112d]" started-at="2024-02-29T00:19:21 IST" name="driverConfig" finished-at="2024-02-29T00:19:31 IST" duration-ms="9514" status="PASS">
          <reporter-output>
          </reporter-output>
        </test-method> <!-- driverConfig -->
        <test-method signature="testCaseReadJSON()[pri:0, instance:testScenarios.DisplayBookshelves@6440112d]" started-at="2024-02-29T00:19:31 IST" name="testCaseReadJSON" finished-at="2024-02-29T00:19:31 IST" duration-ms="30" status="PASS">
          <reporter-output>
          </reporter-output>
        </test-method> <!-- testCaseReadJSON -->
        <test-method signature="inputBox()[pri:1, instance:testScenarios.DisplayBookshelves@6440112d]" started-at="2024-02-29T00:19:31 IST" name="inputBox" finished-at="2024-02-29T00:19:32 IST" duration-ms="1556" status="PASS">
          <reporter-output>
          </reporter-output>
        </test-method> <!-- inputBox -->
        <test-method signature="clickSearch()[pri:2, instance:testScenarios.DisplayBookshelves@6440112d]" started-at="2024-02-29T00:19:32 IST" name="clickSearch" finished-at="2024-02-29T00:19:34 IST" duration-ms="1674" status="PASS">
          <reporter-output>
          </reporter-output>
        </test-method> <!-- clickSearch -->
        <test-method signature="popupclose()[pri:3, instance:testScenarios.DisplayBookshelves@6440112d]" started-at="2024-02-29T00:19:34 IST" name="popupclose" finished-at="2024-02-29T00:19:38 IST" duration-ms="3376" status="PASS">
          <reporter-output>
          </reporter-output>
        </test-method> <!-- popupclose -->
        <test-method signature="scroll()[pri:4, instance:testScenarios.DisplayBookshelves@6440112d]" started-at="2024-02-29T00:19:38 IST" name="scroll" finished-at="2024-02-29T00:19:38 IST" duration-ms="79" status="PASS">
          <reporter-output>
          </reporter-output>
        </test-method> <!-- scroll -->
        <test-method signature="hoverCategory()[pri:5, instance:testScenarios.DisplayBookshelves@6440112d]" started-at="2024-02-29T00:19:38 IST" name="hoverCategory" finished-at="2024-02-29T00:19:38 IST" duration-ms="315" status="PASS">
          <reporter-output>
          </reporter-output>
        </test-method> <!-- hoverCategory -->
        <test-method signature="selectCategory()[pri:6, instance:testScenarios.DisplayBookshelves@6440112d]" started-at="2024-02-29T00:19:38 IST" name="selectCategory" finished-at="2024-02-29T00:19:38 IST" duration-ms="219" status="PASS">
          <reporter-output>
          </reporter-output>
        </test-method> <!-- selectCategory -->
        <test-method signature="hoverPrice()[pri:7, instance:testScenarios.DisplayBookshelves@6440112d]" started-at="2024-02-29T00:19:38 IST" name="hoverPrice" finished-at="2024-02-29T00:19:38 IST" duration-ms="187" status="PASS">
          <reporter-output>
          </reporter-output>
        </test-method> <!-- hoverPrice -->
        <test-method signature="slidePrice()[pri:8, instance:testScenarios.DisplayBookshelves@6440112d]" started-at="2024-02-29T00:19:38 IST" name="slidePrice" finished-at="2024-02-29T00:19:47 IST" duration-ms="8719" status="PASS">
          <reporter-output>
          </reporter-output>
        </test-method> <!-- slidePrice -->
        <test-method signature="hoverSort()[pri:9, instance:testScenarios.DisplayBookshelves@6440112d]" started-at="2024-02-29T00:19:47 IST" name="hoverSort" finished-at="2024-02-29T00:19:47 IST" duration-ms="202" status="PASS">
          <reporter-output>
          </reporter-output>
        </test-method> <!-- hoverSort -->
        <test-method signature="inStockSelction()[pri:10, instance:testScenarios.DisplayBookshelves@6440112d]" started-at="2024-02-29T00:19:47 IST" name="inStockSelction" finished-at="2024-02-29T00:19:48 IST" duration-ms="251" status="PASS">
          <reporter-output>
          </reporter-output>
        </test-method> <!-- inStockSelction -->
        <test-method signature="collectingBookShelvesList()[pri:11, instance:testScenarios.DisplayBookshelves@6440112d]" started-at="2024-02-29T00:19:48 IST" name="collectingBookShelvesList" finished-at="2024-02-29T00:19:53 IST" duration-ms="5676" status="PASS">
          <reporter-output>
          </reporter-output>
        </test-method> <!-- collectingBookShelvesList -->
        <test-method signature="displayingBookShelves()[pri:12, instance:testScenarios.DisplayBookshelves@6440112d]" started-at="2024-02-29T00:19:53 IST" name="displayingBookShelves" finished-at="2024-02-29T00:19:53 IST" duration-ms="1" status="PASS">
          <reporter-output>
          </reporter-output>
        </test-method> <!-- displayingBookShelves -->
        <test-method signature="screenShotOfBookShelves()[pri:13, instance:testScenarios.DisplayBookshelves@6440112d]" started-at="2024-02-29T00:19:53 IST" name="screenShotOfBookShelves" finished-at="2024-02-29T00:19:54 IST" duration-ms="353" status="PASS">
          <reporter-output>
          </reporter-output>
        </test-method> <!-- screenShotOfBookShelves -->
      </class> <!-- testScenarios.DisplayBookshelves -->
    </test> <!-- Smoke Test one -->
    <test started-at="2024-02-29T00:19:54 IST" name="Regression Test one" finished-at="2024-02-29T00:19:56 IST" duration-ms="2118">
      <class name="testScenarios.DisplayBookshelves">
        <test-method signature="scrollUp()[pri:14, instance:testScenarios.DisplayBookshelves@5884a914]" started-at="2024-02-29T00:19:54 IST" name="scrollUp" finished-at="2024-02-29T00:19:54 IST" duration-ms="57" status="PASS">
          <reporter-output>
          </reporter-output>
        </test-method> <!-- scrollUp -->
        <test-method signature="hoverLiving()[pri:15, instance:testScenarios.DisplayBookshelves@5884a914]" started-at="2024-02-29T00:19:54 IST" name="hoverLiving" finished-at="2024-02-29T00:19:54 IST" duration-ms="173" status="PASS">
          <reporter-output>
          </reporter-output>
        </test-method> <!-- hoverLiving -->
        <test-method signature="waitForSubmenuToAppear()[pri:16, instance:testScenarios.DisplayBookshelves@5884a914]" started-at="2024-02-29T00:19:54 IST" name="waitForSubmenuToAppear" finished-at="2024-02-29T00:19:54 IST" duration-ms="553" status="PASS">
          <reporter-output>
          </reporter-output>
        </test-method> <!-- waitForSubmenuToAppear -->
        <test-method signature="listOFseatingAndChairExcel()[pri:17, instance:testScenarios.DisplayBookshelves@5884a914]" started-at="2024-02-29T00:19:54 IST" name="listOFseatingAndChairExcel" finished-at="2024-02-29T00:19:55 IST" duration-ms="755" status="PASS">
          <reporter-output>
          </reporter-output>
        </test-method> <!-- listOFseatingAndChairExcel -->
        <test-method signature="displaySubMenuSeatingandChair()[pri:18, instance:testScenarios.DisplayBookshelves@5884a914]" started-at="2024-02-29T00:19:55 IST" name="displaySubMenuSeatingandChair" finished-at="2024-02-29T00:19:55 IST" duration-ms="198" status="PASS">
          <reporter-output>
          </reporter-output>
        </test-method> <!-- displaySubMenuSeatingandChair -->
        <test-method signature="screenShotOfByAtLiving()[pri:19, instance:testScenarios.DisplayBookshelves@5884a914]" started-at="2024-02-29T00:19:55 IST" name="screenShotOfByAtLiving" finished-at="2024-02-29T00:19:56 IST" duration-ms="372" status="PASS">
          <reporter-output>
          </reporter-output>
        </test-method> <!-- screenShotOfByAtLiving -->
      </class> <!-- testScenarios.DisplayBookshelves -->
    </test> <!-- Regression Test one -->
    <test started-at="2024-02-29T00:19:56 IST" name="Smoke Test two" finished-at="2024-02-29T00:20:03 IST" duration-ms="7692">
      <class name="testScenarios.DisplayBookshelves">
        <test-method signature="waitForGiftCardVisibility()[pri:20, instance:testScenarios.DisplayBookshelves@79207381]" started-at="2024-02-29T00:19:56 IST" name="waitForGiftCardVisibility" finished-at="2024-02-29T00:19:56 IST" duration-ms="44" status="PASS">
          <reporter-output>
          </reporter-output>
        </test-method> <!-- waitForGiftCardVisibility -->
        <test-method signature="clickOnGiftCard()[pri:21, instance:testScenarios.DisplayBookshelves@79207381]" started-at="2024-02-29T00:19:56 IST" name="clickOnGiftCard" finished-at="2024-02-29T00:19:59 IST" duration-ms="3176" status="PASS">
          <reporter-output>
          </reporter-output>
        </test-method> <!-- clickOnGiftCard -->
        <test-method signature="clickOnBirthdayOrAnniversary()[pri:22, instance:testScenarios.DisplayBookshelves@79207381]" started-at="2024-02-29T00:19:59 IST" name="clickOnBirthdayOrAnniversary" finished-at="2024-02-29T00:19:59 IST" duration-ms="90" status="PASS">
          <reporter-output>
          </reporter-output>
        </test-method> <!-- clickOnBirthdayOrAnniversary -->
        <test-method signature="enteringAmount()[pri:23, instance:testScenarios.DisplayBookshelves@79207381]" started-at="2024-02-29T00:19:59 IST" name="enteringAmount" finished-at="2024-02-29T00:19:59 IST" duration-ms="283" status="PASS">
          <reporter-output>
          </reporter-output>
        </test-method> <!-- enteringAmount -->
        <test-method signature="clickOnNext()[pri:24, instance:testScenarios.DisplayBookshelves@79207381]" started-at="2024-02-29T00:19:59 IST" name="clickOnNext" finished-at="2024-02-29T00:19:59 IST" duration-ms="140" status="PASS">
          <reporter-output>
          </reporter-output>
        </test-method> <!-- clickOnNext -->
        <test-method signature="enterRecipientName()[pri:25, instance:testScenarios.DisplayBookshelves@79207381]" started-at="2024-02-29T00:19:59 IST" name="enterRecipientName" finished-at="2024-02-29T00:20:00 IST" duration-ms="288" status="PASS">
          <reporter-output>
          </reporter-output>
        </test-method> <!-- enterRecipientName -->
        <test-method signature="enterRecipientEmail()[pri:26, instance:testScenarios.DisplayBookshelves@79207381]" started-at="2024-02-29T00:20:00 IST" name="enterRecipientEmail" finished-at="2024-02-29T00:20:00 IST" duration-ms="115" status="PASS">
          <reporter-output>
          </reporter-output>
        </test-method> <!-- enterRecipientEmail -->
        <test-method signature="enterRecipientMobile()[pri:27, instance:testScenarios.DisplayBookshelves@79207381]" started-at="2024-02-29T00:20:00 IST" name="enterRecipientMobile" finished-at="2024-02-29T00:20:00 IST" duration-ms="168" status="PASS">
          <reporter-output>
          </reporter-output>
        </test-method> <!-- enterRecipientMobile -->
        <test-method signature="enterCustomerName()[pri:28, instance:testScenarios.DisplayBookshelves@79207381]" started-at="2024-02-29T00:20:00 IST" name="enterCustomerName" finished-at="2024-02-29T00:20:00 IST" duration-ms="124" status="PASS">
          <reporter-output>
          </reporter-output>
        </test-method> <!-- enterCustomerName -->
        <test-method signature="enterCustomerEmail()[pri:29, instance:testScenarios.DisplayBookshelves@79207381]" started-at="2024-02-29T00:20:00 IST" name="enterCustomerEmail" finished-at="2024-02-29T00:20:00 IST" duration-ms="134" status="PASS">
          <reporter-output>
          </reporter-output>
        </test-method> <!-- enterCustomerEmail -->
        <test-method signature="enterCustomerMobileNumber()[pri:30, instance:testScenarios.DisplayBookshelves@79207381]" started-at="2024-02-29T00:20:00 IST" name="enterCustomerMobileNumber" finished-at="2024-02-29T00:20:00 IST" duration-ms="127" status="PASS">
          <reporter-output>
          </reporter-output>
        </test-method> <!-- enterCustomerMobileNumber -->
        <test-method signature="enterAddressofCustomer()[pri:31, instance:testScenarios.DisplayBookshelves@79207381]" started-at="2024-02-29T00:20:00 IST" name="enterAddressofCustomer" finished-at="2024-02-29T00:20:01 IST" duration-ms="154" status="PASS">
          <reporter-output>
          </reporter-output>
        </test-method> <!-- enterAddressofCustomer -->
        <test-method signature="enterPinofCustomerPin()[pri:32, instance:testScenarios.DisplayBookshelves@79207381]" started-at="2024-02-29T00:20:01 IST" name="enterPinofCustomerPin" finished-at="2024-02-29T00:20:01 IST" duration-ms="172" status="PASS">
          <reporter-output>
          </reporter-output>
        </test-method> <!-- enterPinofCustomerPin -->
        <test-method signature="enterMessage()[pri:33, instance:testScenarios.DisplayBookshelves@79207381]" started-at="2024-02-29T00:20:01 IST" name="enterMessage" finished-at="2024-02-29T00:20:01 IST" duration-ms="124" status="PASS">
          <reporter-output>
          </reporter-output>
        </test-method> <!-- enterMessage -->
        <test-method signature="clickOnConfirm()[pri:34, instance:testScenarios.DisplayBookshelves@79207381]" started-at="2024-02-29T00:20:01 IST" name="clickOnConfirm" finished-at="2024-02-29T00:20:01 IST" duration-ms="131" status="PASS">
          <reporter-output>
          </reporter-output>
        </test-method> <!-- clickOnConfirm -->
        <test-method signature="screenShotOfErrorMessage()[pri:35, instance:testScenarios.DisplayBookshelves@79207381]" started-at="2024-02-29T00:20:01 IST" name="screenShotOfErrorMessage" finished-at="2024-02-29T00:20:02 IST" duration-ms="584" status="PASS">
          <reporter-output>
          </reporter-output>
        </test-method> <!-- screenShotOfErrorMessage -->
        <test-method signature="displayErrorMessage()[pri:36, instance:testScenarios.DisplayBookshelves@79207381]" started-at="2024-02-29T00:20:02 IST" name="displayErrorMessage" finished-at="2024-02-29T00:20:02 IST" duration-ms="30" status="PASS">
          <reporter-output>
          </reporter-output>
        </test-method> <!-- displayErrorMessage -->
        <test-method signature="clearrecipientmail()[pri:37, instance:testScenarios.DisplayBookshelves@79207381]" started-at="2024-02-29T00:20:02 IST" name="clearrecipientmail" finished-at="2024-02-29T00:20:02 IST" duration-ms="196" status="PASS">
          <reporter-output>
          </reporter-output>
        </test-method> <!-- clearrecipientmail -->
        <test-method signature="enterCorrectDeatils()[pri:38, instance:testScenarios.DisplayBookshelves@79207381]" started-at="2024-02-29T00:20:02 IST" name="enterCorrectDeatils" finished-at="2024-02-29T00:20:02 IST" duration-ms="178" status="PASS">
          <reporter-output>
          </reporter-output>
        </test-method> <!-- enterCorrectDeatils -->
        <test-method signature="clickConfirmWithcorrectEmail()[pri:39, instance:testScenarios.DisplayBookshelves@79207381]" started-at="2024-02-29T00:20:02 IST" name="clickConfirmWithcorrectEmail" finished-at="2024-02-29T00:20:02 IST" duration-ms="160" status="PASS">
          <reporter-output>
          </reporter-output>
        </test-method> <!-- clickConfirmWithcorrectEmail -->
        <test-method signature="confirmDetailsPage()[pri:40, instance:testScenarios.DisplayBookshelves@79207381]" started-at="2024-02-29T00:20:02 IST" name="confirmDetailsPage" finished-at="2024-02-29T00:20:03 IST" duration-ms="355" status="PASS">
          <reporter-output>
          </reporter-output>
        </test-method> <!-- confirmDetailsPage -->
        <test-method signature="screenShotOfconfirmationPage()[pri:41, instance:testScenarios.DisplayBookshelves@79207381]" started-at="2024-02-29T00:20:03 IST" name="screenShotOfconfirmationPage" finished-at="2024-02-29T00:20:03 IST" duration-ms="477" status="PASS">
          <reporter-output>
          </reporter-output>
        </test-method> <!-- screenShotOfconfirmationPage -->
        <test-method signature="screenShot()[pri:51, instance:testScenarios.DisplayBookshelves@79207381]" started-at="2024-02-29T00:20:03 IST" name="screenShot" finished-at="2024-02-29T00:20:03 IST" duration-ms="407" status="PASS">
          <reporter-output>
          </reporter-output>
        </test-method> <!-- screenShot -->
      </class> <!-- testScenarios.DisplayBookshelves -->
    </test> <!-- Smoke Test two -->
    <test started-at="2024-02-29T00:20:03 IST" name="Regression Test two" finished-at="2024-02-29T00:20:06 IST" duration-ms="2164">
      <class name="testScenarios.DisplayBookshelves">
        <test-method signature="confirmamountEnetered()[pri:42, instance:testScenarios.DisplayBookshelves@7a6d7e92]" started-at="2024-02-29T00:20:03 IST" name="confirmamountEnetered" finished-at="2024-02-29T00:20:03 IST" duration-ms="34" status="PASS">
          <reporter-output>
          </reporter-output>
        </test-method> <!-- confirmamountEnetered -->
        <test-method signature="confirmrecipientName()[pri:43, instance:testScenarios.DisplayBookshelves@7a6d7e92]" started-at="2024-02-29T00:20:03 IST" name="confirmrecipientName" finished-at="2024-02-29T00:20:04 IST" duration-ms="51" status="PASS">
          <reporter-output>
          </reporter-output>
        </test-method> <!-- confirmrecipientName -->
        <test-method signature="confirmrecipientEmail()[pri:44, instance:testScenarios.DisplayBookshelves@7a6d7e92]" started-at="2024-02-29T00:20:04 IST" name="confirmrecipientEmail" finished-at="2024-02-29T00:20:04 IST" duration-ms="39" status="PASS">
          <reporter-output>
          </reporter-output>
        </test-method> <!-- confirmrecipientEmail -->
        <test-method signature="confirmrecipientMobile()[pri:45, instance:testScenarios.DisplayBookshelves@7a6d7e92]" started-at="2024-02-29T00:20:04 IST" name="confirmrecipientMobile" finished-at="2024-02-29T00:20:04 IST" duration-ms="41" status="PASS">
          <reporter-output>
          </reporter-output>
        </test-method> <!-- confirmrecipientMobile -->
        <test-method signature="confirmcustomerName()[pri:46, instance:testScenarios.DisplayBookshelves@7a6d7e92]" started-at="2024-02-29T00:20:04 IST" name="confirmcustomerName" finished-at="2024-02-29T00:20:04 IST" duration-ms="40" status="PASS">
          <reporter-output>
          </reporter-output>
        </test-method> <!-- confirmcustomerName -->
        <test-method signature="confirmcustomerEmail()[pri:47, instance:testScenarios.DisplayBookshelves@7a6d7e92]" started-at="2024-02-29T00:20:04 IST" name="confirmcustomerEmail" finished-at="2024-02-29T00:20:04 IST" duration-ms="36" status="PASS">
          <reporter-output>
          </reporter-output>
        </test-method> <!-- confirmcustomerEmail -->
        <test-method signature="confirmcustomerMobile()[pri:48, instance:testScenarios.DisplayBookshelves@7a6d7e92]" started-at="2024-02-29T00:20:04 IST" name="confirmcustomerMobile" finished-at="2024-02-29T00:20:04 IST" duration-ms="40" status="PASS">
          <reporter-output>
          </reporter-output>
        </test-method> <!-- confirmcustomerMobile -->
        <test-method signature="confirmcustomerCity()[pri:49, instance:testScenarios.DisplayBookshelves@7a6d7e92]" started-at="2024-02-29T00:20:04 IST" name="confirmcustomerCity" finished-at="2024-02-29T00:20:04 IST" duration-ms="36" status="PASS">
          <reporter-output>
          </reporter-output>
        </test-method> <!-- confirmcustomerCity -->
        <test-method signature="confirmcustomerPinCode()[pri:50, instance:testScenarios.DisplayBookshelves@7a6d7e92]" started-at="2024-02-29T00:20:04 IST" name="confirmcustomerPinCode" finished-at="2024-02-29T00:20:04 IST" duration-ms="29" status="PASS">
          <reporter-output>
          </reporter-output>
        </test-method> <!-- confirmcustomerPinCode -->
        <test-method is-config="true" signature="closingBrowser()[pri:0, instance:testScenarios.DisplayBookshelves@7a6d7e92]" started-at="2024-02-29T00:20:04 IST" name="closingBrowser" finished-at="2024-02-29T00:20:06 IST" duration-ms="1808" status="PASS">
          <reporter-output>
          </reporter-output>
        </test-method> <!-- closingBrowser -->
      </class> <!-- testScenarios.DisplayBookshelves -->
    </test> <!-- Regression Test two -->
  </suite> <!-- Suite -->
</testng-results>
